[2018-10-17 19:31:19] api[_].WARNING: Directus\Database\Exception\CollectionNotFoundException: Unable to find collection: sales_staff_information in /Users/jasonreid/Sites/footballformations/api/src/core/Directus/Database/Schema/SchemaManager.php:126
Stack trace:
#0 /Users/jasonreid/Sites/footballformations/api/src/core/Directus/Services/TablesService.php(1439): Directus\Database\Schema\SchemaManager->getCollection('sales_staff_inf...')
#1 /Users/jasonreid/Sites/footballformations/api/src/core/Directus/Services/TablesService.php(1314): Directus\Services\TablesService->mergeSchemaCollection('sales_staff_inf...', Array)
#2 /Users/jasonreid/Sites/footballformations/api/src/core/Directus/Services/TablesService.php(1295): Directus\Services\TablesService->mergeSchemaCollections(Array)
#3 /Users/jasonreid/Sites/footballformations/api/src/core/Directus/Services/TablesService.php(66): Directus\Services\TablesService->mergeMissingSchemaCollections(Array, Array)
#4 /Users/jasonreid/Sites/footballformations/api/src/endpoints/Collections.php(58): Directus\Services\TablesService->findAll(Array)
#5 [internal function]: Directus\Api\Routes\Collections->all(Object(Directus\Application\Http\Request), Object(Directus\Application\Http\Response), Array)
#6 /Users/jasonreid/Sites/footballformations/api/vendor/slim/slim/Slim/Handlers/Strategies/RequestResponse.php(41): call_user_func(Array, Object(Directus\Application\Http\Request), Object(Directus\Application\Http\Response), Array)
#7 /Users/jasonreid/Sites/footballformations/api/vendor/slim/slim/Slim/Route.php(356): Slim\Handlers\Strategies\RequestResponse->__invoke(Array, Object(Directus\Application\Http\Request), Object(Directus\Application\Http\Response), Array)
#8 /Users/jasonreid/Sites/footballformations/api/src/core/Directus/Application/Http/Middleware/AbstractRateLimitMiddleware.php(34): Slim\Route->__invoke(Object(Directus\Application\Http\Request), Object(Directus\Application\Http\Response))
#9 [internal function]: Directus\Application\Http\Middleware\AbstractRateLimitMiddleware->__invoke(Object(Directus\Application\Http\Request), Object(Directus\Application\Http\Response), Object(Slim\Route))
#10 /Users/jasonreid/Sites/footballformations/api/vendor/slim/slim/Slim/DeferredCallable.php(43): call_user_func_array(Object(Directus\Application\Http\Middleware\UserRateLimitMiddleware), Array)
#11 [internal function]: Slim\DeferredCallable->__invoke(Object(Directus\Application\Http\Request), Object(Directus\Application\Http\Response), Object(Slim\Route))
#12 /Users/jasonreid/Sites/footballformations/api/vendor/slim/slim/Slim/MiddlewareAwareTrait.php(70): call_user_func(Object(Slim\DeferredCallable), Object(Directus\Application\Http\Request), Object(Directus\Application\Http\Response), Object(Slim\Route))
#13 /Users/jasonreid/Sites/footballformations/api/src/core/Directus/Application/Http/Middleware/AuthenticationMiddleware.php(79): Slim\Route->Slim\{closure}(Object(Directus\Application\Http\Request), Object(Directus\Application\Http\Response))
#14 [internal function]: Directus\Application\Http\Middleware\AuthenticationMiddleware->__invoke(Object(Directus\Application\Http\Request), Object(Directus\Application\Http\Response), Object(Closure))
#15 /Users/jasonreid/Sites/footballformations/api/vendor/slim/slim/Slim/DeferredCallable.php(43): call_user_func_array(Object(Directus\Application\Http\Middleware\AuthenticationMiddleware), Array)
#16 [internal function]: Slim\DeferredCallable->__invoke(Object(Directus\Application\Http\Request), Object(Directus\Application\Http\Response), Object(Closure))
#17 /Users/jasonreid/Sites/footballformations/api/vendor/slim/slim/Slim/MiddlewareAwareTrait.php(70): call_user_func(Object(Slim\DeferredCallable), Object(Directus\Application\Http\Request), Object(Directus\Application\Http\Response), Object(Closure))
#18 /Users/jasonreid/Sites/footballformations/api/src/core/Directus/Application/Http/Middleware/TableGatewayMiddleware.php(25): Slim\Route->Slim\{closure}(Object(Directus\Application\Http\Request), Object(Directus\Application\Http\Response))
#19 [internal function]: Directus\Application\Http\Middleware\TableGatewayMiddleware->__invoke(Object(Directus\Application\Http\Request), Object(Directus\Application\Http\Response), Object(Closure))
#20 /Users/jasonreid/Sites/footballformations/api/vendor/slim/slim/Slim/DeferredCallable.php(43): call_user_func_array(Object(Directus\Application\Http\Middleware\TableGatewayMiddleware), Array)
#21 [internal function]: Slim\DeferredCallable->__invoke(Object(Directus\Application\Http\Request), Object(Directus\Application\Http\Response), Object(Closure))
#22 /Users/jasonreid/Sites/footballformations/api/vendor/slim/slim/Slim/MiddlewareAwareTrait.php(70): call_user_func(Object(Slim\DeferredCallable), Object(Directus\Application\Http\Request), Object(Directus\Application\Http\Response), Object(Closure))
#23 /Users/jasonreid/Sites/footballformations/api/vendor/slim/slim/Slim/MiddlewareAwareTrait.php(117): Slim\Route->Slim\{closure}(Object(Directus\Application\Http\Request), Object(Directus\Application\Http\Response))
#24 /Users/jasonreid/Sites/footballformations/api/vendor/slim/slim/Slim/Route.php(334): Slim\Route->callMiddlewareStack(Object(Directus\Application\Http\Request), Object(Directus\Application\Http\Response))
#25 /Users/jasonreid/Sites/footballformations/api/vendor/slim/slim/Slim/App.php(515): Slim\Route->run(Object(Directus\Application\Http\Request), Object(Directus\Application\Http\Response))
#26 /Users/jasonreid/Sites/footballformations/api/src/core/Directus/Application/Http/Middleware/AbstractRateLimitMiddleware.php(34): Slim\App->__invoke(Object(Directus\Application\Http\Request), Object(Directus\Application\Http\Response))
#27 [internal function]: Directus\Application\Http\Middleware\AbstractRateLimitMiddleware->__invoke(Object(Directus\Application\Http\Request), Object(Directus\Application\Http\Response), Object(Directus\Application\Application))
#28 /Users/jasonreid/Sites/footballformations/api/vendor/slim/slim/Slim/DeferredCallable.php(43): call_user_func_array(Object(Directus\Application\Http\Middleware\IpRateLimitMiddleware), Array)
#29 [internal function]: Slim\DeferredCallable->__invoke(Object(Directus\Application\Http\Request), Object(Directus\Application\Http\Response), Object(Directus\Application\Application))
#30 /Users/jasonreid/Sites/footballformations/api/vendor/slim/slim/Slim/MiddlewareAwareTrait.php(70): call_user_func(Object(Slim\DeferredCallable), Object(Directus\Application\Http\Request), Object(Directus\Application\Http\Response), Object(Directus\Application\Application))
#31 /Users/jasonreid/Sites/footballformations/api/vendor/akrabat/rka-ip-address-middleware/src/IpAddress.php(93): Slim\App->Slim\{closure}(Object(Directus\Application\Http\Request), Object(Directus\Application\Http\Response))
#32 [internal function]: RKA\Middleware\IpAddress->__invoke(Object(Directus\Application\Http\Request), Object(Directus\Application\Http\Response), Object(Closure))
#33 /Users/jasonreid/Sites/footballformations/api/vendor/slim/slim/Slim/DeferredCallable.php(43): call_user_func_array(Object(RKA\Middleware\IpAddress), Array)
#34 [internal function]: Slim\DeferredCallable->__invoke(Object(Directus\Application\Http\Request), Object(Directus\Application\Http\Response), Object(Closure))
#35 /Users/jasonreid/Sites/footballformations/api/vendor/slim/slim/Slim/MiddlewareAwareTrait.php(70): call_user_func(Object(Slim\DeferredCallable), Object(Directus\Application\Http\Request), Object(Directus\Application\Http\Response), Object(Closure))
#36 /Users/jasonreid/Sites/footballformations/api/src/core/Directus/Application/Http/Middleware/CorsMiddleware.php(66): Slim\App->Slim\{closure}(Object(Directus\Application\Http\Request), Object(Directus\Application\Http\Response))
#37 [internal function]: Directus\Application\Http\Middleware\CorsMiddleware->__invoke(Object(Directus\Application\Http\Request), Object(Directus\Application\Http\Response), Object(Closure))
#38 /Users/jasonreid/Sites/footballformations/api/vendor/slim/slim/Slim/DeferredCallable.php(43): call_user_func_array(Object(Directus\Application\Http\Middleware\CorsMiddleware), Array)
#39 [internal function]: Slim\DeferredCallable->__invoke(Object(Directus\Application\Http\Request), Object(Directus\Application\Http\Response), Object(Closure))
#40 /Users/jasonreid/Sites/footballformations/api/vendor/slim/slim/Slim/MiddlewareAwareTrait.php(70): call_user_func(Object(Slim\DeferredCallable), Object(Directus\Application\Http\Request), Object(Directus\Application\Http\Response), Object(Closure))
#41 /Users/jasonreid/Sites/footballformations/api/src/core/Directus/Application/Http/Middleware/ResponseCacheMiddleware.php(47): Slim\App->Slim\{closure}(Object(Directus\Application\Http\Request), Object(Directus\Application\Http\Response))
#42 [internal function]: Directus\Application\Http\Middleware\ResponseCacheMiddleware->__invoke(Object(Directus\Application\Http\Request), Object(Directus\Application\Http\Response), Object(Closure))
#43 /Users/jasonreid/Sites/footballformations/api/vendor/slim/slim/Slim/DeferredCallable.php(43): call_user_func_array(Object(Directus\Application\Http\Middleware\ResponseCacheMiddleware), Array)
#44 [internal function]: Slim\DeferredCallable->__invoke(Object(Directus\Application\Http\Request), Object(Directus\Application\Http\Response), Object(Closure))
#45 /Users/jasonreid/Sites/footballformations/api/vendor/slim/slim/Slim/MiddlewareAwareTrait.php(70): call_user_func(Object(Slim\DeferredCallable), Object(Directus\Application\Http\Request), Object(Directus\Application\Http\Response), Object(Closure))
#46 /Users/jasonreid/Sites/footballformations/api/vendor/slim/slim/Slim/MiddlewareAwareTrait.php(117): Slim\App->Slim\{closure}(Object(Directus\Application\Http\Request), Object(Directus\Application\Http\Response))
#47 /Users/jasonreid/Sites/footballformations/api/vendor/slim/slim/Slim/App.php(406): Slim\App->callMiddlewareStack(Object(Directus\Application\Http\Request), Object(Directus\Application\Http\Response))
#48 /Users/jasonreid/Sites/footballformations/api/vendor/slim/slim/Slim/App.php(314): Slim\App->process(Object(Directus\Application\Http\Request), Object(Directus\Application\Http\Response))
#49 /Users/jasonreid/Sites/footballformations/api/src/core/Directus/Application/Application.php(161): Slim\App->run(false)
#50 /Users/jasonreid/Sites/footballformations/api/public/index.php(5): Directus\Application\Application->run()
#51 {main} [] []
[2018-10-17 19:40:48] api[_].WARNING: Directus\Database\Exception\CollectionNotFoundException: Unable to find collection: sales_staff_customers in /Users/jasonreid/Sites/footballformations/api/src/core/Directus/Database/Schema/SchemaManager.php:126
Stack trace:
#0 /Users/jasonreid/Sites/footballformations/api/src/core/Directus/Services/TablesService.php(1439): Directus\Database\Schema\SchemaManager->getCollection('sales_staff_cus...')
#1 /Users/jasonreid/Sites/footballformations/api/src/core/Directus/Services/TablesService.php(1314): Directus\Services\TablesService->mergeSchemaCollection('sales_staff_cus...', Array)
#2 /Users/jasonreid/Sites/footballformations/api/src/core/Directus/Services/TablesService.php(1295): Directus\Services\TablesService->mergeSchemaCollections(Array)
#3 /Users/jasonreid/Sites/footballformations/api/src/core/Directus/Services/TablesService.php(66): Directus\Services\TablesService->mergeMissingSchemaCollections(Array, Array)
#4 /Users/jasonreid/Sites/footballformations/api/src/endpoints/Collections.php(58): Directus\Services\TablesService->findAll(Array)
#5 [internal function]: Directus\Api\Routes\Collections->all(Object(Directus\Application\Http\Request), Object(Directus\Application\Http\Response), Array)
#6 /Users/jasonreid/Sites/footballformations/api/vendor/slim/slim/Slim/Handlers/Strategies/RequestResponse.php(41): call_user_func(Array, Object(Directus\Application\Http\Request), Object(Directus\Application\Http\Response), Array)
#7 /Users/jasonreid/Sites/footballformations/api/vendor/slim/slim/Slim/Route.php(356): Slim\Handlers\Strategies\RequestResponse->__invoke(Array, Object(Directus\Application\Http\Request), Object(Directus\Application\Http\Response), Array)
#8 /Users/jasonreid/Sites/footballformations/api/src/core/Directus/Application/Http/Middleware/AbstractRateLimitMiddleware.php(34): Slim\Route->__invoke(Object(Directus\Application\Http\Request), Object(Directus\Application\Http\Response))
#9 [internal function]: Directus\Application\Http\Middleware\AbstractRateLimitMiddleware->__invoke(Object(Directus\Application\Http\Request), Object(Directus\Application\Http\Response), Object(Slim\Route))
#10 /Users/jasonreid/Sites/footballformations/api/vendor/slim/slim/Slim/DeferredCallable.php(43): call_user_func_array(Object(Directus\Application\Http\Middleware\UserRateLimitMiddleware), Array)
#11 [internal function]: Slim\DeferredCallable->__invoke(Object(Directus\Application\Http\Request), Object(Directus\Application\Http\Response), Object(Slim\Route))
#12 /Users/jasonreid/Sites/footballformations/api/vendor/slim/slim/Slim/MiddlewareAwareTrait.php(70): call_user_func(Object(Slim\DeferredCallable), Object(Directus\Application\Http\Request), Object(Directus\Application\Http\Response), Object(Slim\Route))
#13 /Users/jasonreid/Sites/footballformations/api/src/core/Directus/Application/Http/Middleware/AuthenticationMiddleware.php(79): Slim\Route->Slim\{closure}(Object(Directus\Application\Http\Request), Object(Directus\Application\Http\Response))
#14 [internal function]: Directus\Application\Http\Middleware\AuthenticationMiddleware->__invoke(Object(Directus\Application\Http\Request), Object(Directus\Application\Http\Response), Object(Closure))
#15 /Users/jasonreid/Sites/footballformations/api/vendor/slim/slim/Slim/DeferredCallable.php(43): call_user_func_array(Object(Directus\Application\Http\Middleware\AuthenticationMiddleware), Array)
#16 [internal function]: Slim\DeferredCallable->__invoke(Object(Directus\Application\Http\Request), Object(Directus\Application\Http\Response), Object(Closure))
#17 /Users/jasonreid/Sites/footballformations/api/vendor/slim/slim/Slim/MiddlewareAwareTrait.php(70): call_user_func(Object(Slim\DeferredCallable), Object(Directus\Application\Http\Request), Object(Directus\Application\Http\Response), Object(Closure))
#18 /Users/jasonreid/Sites/footballformations/api/src/core/Directus/Application/Http/Middleware/TableGatewayMiddleware.php(25): Slim\Route->Slim\{closure}(Object(Directus\Application\Http\Request), Object(Directus\Application\Http\Response))
#19 [internal function]: Directus\Application\Http\Middleware\TableGatewayMiddleware->__invoke(Object(Directus\Application\Http\Request), Object(Directus\Application\Http\Response), Object(Closure))
#20 /Users/jasonreid/Sites/footballformations/api/vendor/slim/slim/Slim/DeferredCallable.php(43): call_user_func_array(Object(Directus\Application\Http\Middleware\TableGatewayMiddleware), Array)
#21 [internal function]: Slim\DeferredCallable->__invoke(Object(Directus\Application\Http\Request), Object(Directus\Application\Http\Response), Object(Closure))
#22 /Users/jasonreid/Sites/footballformations/api/vendor/slim/slim/Slim/MiddlewareAwareTrait.php(70): call_user_func(Object(Slim\DeferredCallable), Object(Directus\Application\Http\Request), Object(Directus\Application\Http\Response), Object(Closure))
#23 /Users/jasonreid/Sites/footballformations/api/vendor/slim/slim/Slim/MiddlewareAwareTrait.php(117): Slim\Route->Slim\{closure}(Object(Directus\Application\Http\Request), Object(Directus\Application\Http\Response))
#24 /Users/jasonreid/Sites/footballformations/api/vendor/slim/slim/Slim/Route.php(334): Slim\Route->callMiddlewareStack(Object(Directus\Application\Http\Request), Object(Directus\Application\Http\Response))
#25 /Users/jasonreid/Sites/footballformations/api/vendor/slim/slim/Slim/App.php(515): Slim\Route->run(Object(Directus\Application\Http\Request), Object(Directus\Application\Http\Response))
#26 /Users/jasonreid/Sites/footballformations/api/src/core/Directus/Application/Http/Middleware/AbstractRateLimitMiddleware.php(34): Slim\App->__invoke(Object(Directus\Application\Http\Request), Object(Directus\Application\Http\Response))
#27 [internal function]: Directus\Application\Http\Middleware\AbstractRateLimitMiddleware->__invoke(Object(Directus\Application\Http\Request), Object(Directus\Application\Http\Response), Object(Directus\Application\Application))
#28 /Users/jasonreid/Sites/footballformations/api/vendor/slim/slim/Slim/DeferredCallable.php(43): call_user_func_array(Object(Directus\Application\Http\Middleware\IpRateLimitMiddleware), Array)
#29 [internal function]: Slim\DeferredCallable->__invoke(Object(Directus\Application\Http\Request), Object(Directus\Application\Http\Response), Object(Directus\Application\Application))
#30 /Users/jasonreid/Sites/footballformations/api/vendor/slim/slim/Slim/MiddlewareAwareTrait.php(70): call_user_func(Object(Slim\DeferredCallable), Object(Directus\Application\Http\Request), Object(Directus\Application\Http\Response), Object(Directus\Application\Application))
#31 /Users/jasonreid/Sites/footballformations/api/vendor/akrabat/rka-ip-address-middleware/src/IpAddress.php(93): Slim\App->Slim\{closure}(Object(Directus\Application\Http\Request), Object(Directus\Application\Http\Response))
#32 [internal function]: RKA\Middleware\IpAddress->__invoke(Object(Directus\Application\Http\Request), Object(Directus\Application\Http\Response), Object(Closure))
#33 /Users/jasonreid/Sites/footballformations/api/vendor/slim/slim/Slim/DeferredCallable.php(43): call_user_func_array(Object(RKA\Middleware\IpAddress), Array)
#34 [internal function]: Slim\DeferredCallable->__invoke(Object(Directus\Application\Http\Request), Object(Directus\Application\Http\Response), Object(Closure))
#35 /Users/jasonreid/Sites/footballformations/api/vendor/slim/slim/Slim/MiddlewareAwareTrait.php(70): call_user_func(Object(Slim\DeferredCallable), Object(Directus\Application\Http\Request), Object(Directus\Application\Http\Response), Object(Closure))
#36 /Users/jasonreid/Sites/footballformations/api/src/core/Directus/Application/Http/Middleware/CorsMiddleware.php(66): Slim\App->Slim\{closure}(Object(Directus\Application\Http\Request), Object(Directus\Application\Http\Response))
#37 [internal function]: Directus\Application\Http\Middleware\CorsMiddleware->__invoke(Object(Directus\Application\Http\Request), Object(Directus\Application\Http\Response), Object(Closure))
#38 /Users/jasonreid/Sites/footballformations/api/vendor/slim/slim/Slim/DeferredCallable.php(43): call_user_func_array(Object(Directus\Application\Http\Middleware\CorsMiddleware), Array)
#39 [internal function]: Slim\DeferredCallable->__invoke(Object(Directus\Application\Http\Request), Object(Directus\Application\Http\Response), Object(Closure))
#40 /Users/jasonreid/Sites/footballformations/api/vendor/slim/slim/Slim/MiddlewareAwareTrait.php(70): call_user_func(Object(Slim\DeferredCallable), Object(Directus\Application\Http\Request), Object(Directus\Application\Http\Response), Object(Closure))
#41 /Users/jasonreid/Sites/footballformations/api/src/core/Directus/Application/Http/Middleware/ResponseCacheMiddleware.php(47): Slim\App->Slim\{closure}(Object(Directus\Application\Http\Request), Object(Directus\Application\Http\Response))
#42 [internal function]: Directus\Application\Http\Middleware\ResponseCacheMiddleware->__invoke(Object(Directus\Application\Http\Request), Object(Directus\Application\Http\Response), Object(Closure))
#43 /Users/jasonreid/Sites/footballformations/api/vendor/slim/slim/Slim/DeferredCallable.php(43): call_user_func_array(Object(Directus\Application\Http\Middleware\ResponseCacheMiddleware), Array)
#44 [internal function]: Slim\DeferredCallable->__invoke(Object(Directus\Application\Http\Request), Object(Directus\Application\Http\Response), Object(Closure))
#45 /Users/jasonreid/Sites/footballformations/api/vendor/slim/slim/Slim/MiddlewareAwareTrait.php(70): call_user_func(Object(Slim\DeferredCallable), Object(Directus\Application\Http\Request), Object(Directus\Application\Http\Response), Object(Closure))
#46 /Users/jasonreid/Sites/footballformations/api/vendor/slim/slim/Slim/MiddlewareAwareTrait.php(117): Slim\App->Slim\{closure}(Object(Directus\Application\Http\Request), Object(Directus\Application\Http\Response))
#47 /Users/jasonreid/Sites/footballformations/api/vendor/slim/slim/Slim/App.php(406): Slim\App->callMiddlewareStack(Object(Directus\Application\Http\Request), Object(Directus\Application\Http\Response))
#48 /Users/jasonreid/Sites/footballformations/api/vendor/slim/slim/Slim/App.php(314): Slim\App->process(Object(Directus\Application\Http\Request), Object(Directus\Application\Http\Response))
#49 /Users/jasonreid/Sites/footballformations/api/src/core/Directus/Application/Application.php(161): Slim\App->run(false)
#50 /Users/jasonreid/Sites/footballformations/api/public/index.php(5): Directus\Application\Application->run()
#51 {main} [] []
[2018-10-17 19:45:12] api[_].WARNING: Directus\Database\Exception\CollectionNotFoundException: Unable to find collection: sales_staff_customers in /Users/jasonreid/Sites/footballformations/api/src/core/Directus/Database/Schema/SchemaManager.php:126
Stack trace:
#0 /Users/jasonreid/Sites/footballformations/api/src/core/Directus/Services/TablesService.php(1439): Directus\Database\Schema\SchemaManager->getCollection('sales_staff_cus...')
#1 /Users/jasonreid/Sites/footballformations/api/src/core/Directus/Services/TablesService.php(1314): Directus\Services\TablesService->mergeSchemaCollection('sales_staff_cus...', Array)
#2 /Users/jasonreid/Sites/footballformations/api/src/core/Directus/Services/TablesService.php(1295): Directus\Services\TablesService->mergeSchemaCollections(Array)
#3 /Users/jasonreid/Sites/footballformations/api/src/core/Directus/Services/TablesService.php(66): Directus\Services\TablesService->mergeMissingSchemaCollections(Array, Array)
#4 /Users/jasonreid/Sites/footballformations/api/src/endpoints/Collections.php(58): Directus\Services\TablesService->findAll(Array)
#5 [internal function]: Directus\Api\Routes\Collections->all(Object(Directus\Application\Http\Request), Object(Directus\Application\Http\Response), Array)
#6 /Users/jasonreid/Sites/footballformations/api/vendor/slim/slim/Slim/Handlers/Strategies/RequestResponse.php(41): call_user_func(Array, Object(Directus\Application\Http\Request), Object(Directus\Application\Http\Response), Array)
#7 /Users/jasonreid/Sites/footballformations/api/vendor/slim/slim/Slim/Route.php(356): Slim\Handlers\Strategies\RequestResponse->__invoke(Array, Object(Directus\Application\Http\Request), Object(Directus\Application\Http\Response), Array)
#8 /Users/jasonreid/Sites/footballformations/api/src/core/Directus/Application/Http/Middleware/AbstractRateLimitMiddleware.php(34): Slim\Route->__invoke(Object(Directus\Application\Http\Request), Object(Directus\Application\Http\Response))
#9 [internal function]: Directus\Application\Http\Middleware\AbstractRateLimitMiddleware->__invoke(Object(Directus\Application\Http\Request), Object(Directus\Application\Http\Response), Object(Slim\Route))
#10 /Users/jasonreid/Sites/footballformations/api/vendor/slim/slim/Slim/DeferredCallable.php(43): call_user_func_array(Object(Directus\Application\Http\Middleware\UserRateLimitMiddleware), Array)
#11 [internal function]: Slim\DeferredCallable->__invoke(Object(Directus\Application\Http\Request), Object(Directus\Application\Http\Response), Object(Slim\Route))
#12 /Users/jasonreid/Sites/footballformations/api/vendor/slim/slim/Slim/MiddlewareAwareTrait.php(70): call_user_func(Object(Slim\DeferredCallable), Object(Directus\Application\Http\Request), Object(Directus\Application\Http\Response), Object(Slim\Route))
#13 /Users/jasonreid/Sites/footballformations/api/src/core/Directus/Application/Http/Middleware/AuthenticationMiddleware.php(79): Slim\Route->Slim\{closure}(Object(Directus\Application\Http\Request), Object(Directus\Application\Http\Response))
#14 [internal function]: Directus\Application\Http\Middleware\AuthenticationMiddleware->__invoke(Object(Directus\Application\Http\Request), Object(Directus\Application\Http\Response), Object(Closure))
#15 /Users/jasonreid/Sites/footballformations/api/vendor/slim/slim/Slim/DeferredCallable.php(43): call_user_func_array(Object(Directus\Application\Http\Middleware\AuthenticationMiddleware), Array)
#16 [internal function]: Slim\DeferredCallable->__invoke(Object(Directus\Application\Http\Request), Object(Directus\Application\Http\Response), Object(Closure))
#17 /Users/jasonreid/Sites/footballformations/api/vendor/slim/slim/Slim/MiddlewareAwareTrait.php(70): call_user_func(Object(Slim\DeferredCallable), Object(Directus\Application\Http\Request), Object(Directus\Application\Http\Response), Object(Closure))
#18 /Users/jasonreid/Sites/footballformations/api/src/core/Directus/Application/Http/Middleware/TableGatewayMiddleware.php(25): Slim\Route->Slim\{closure}(Object(Directus\Application\Http\Request), Object(Directus\Application\Http\Response))
#19 [internal function]: Directus\Application\Http\Middleware\TableGatewayMiddleware->__invoke(Object(Directus\Application\Http\Request), Object(Directus\Application\Http\Response), Object(Closure))
#20 /Users/jasonreid/Sites/footballformations/api/vendor/slim/slim/Slim/DeferredCallable.php(43): call_user_func_array(Object(Directus\Application\Http\Middleware\TableGatewayMiddleware), Array)
#21 [internal function]: Slim\DeferredCallable->__invoke(Object(Directus\Application\Http\Request), Object(Directus\Application\Http\Response), Object(Closure))
#22 /Users/jasonreid/Sites/footballformations/api/vendor/slim/slim/Slim/MiddlewareAwareTrait.php(70): call_user_func(Object(Slim\DeferredCallable), Object(Directus\Application\Http\Request), Object(Directus\Application\Http\Response), Object(Closure))
#23 /Users/jasonreid/Sites/footballformations/api/vendor/slim/slim/Slim/MiddlewareAwareTrait.php(117): Slim\Route->Slim\{closure}(Object(Directus\Application\Http\Request), Object(Directus\Application\Http\Response))
#24 /Users/jasonreid/Sites/footballformations/api/vendor/slim/slim/Slim/Route.php(334): Slim\Route->callMiddlewareStack(Object(Directus\Application\Http\Request), Object(Directus\Application\Http\Response))
#25 /Users/jasonreid/Sites/footballformations/api/vendor/slim/slim/Slim/App.php(515): Slim\Route->run(Object(Directus\Application\Http\Request), Object(Directus\Application\Http\Response))
#26 /Users/jasonreid/Sites/footballformations/api/src/core/Directus/Application/Http/Middleware/AbstractRateLimitMiddleware.php(34): Slim\App->__invoke(Object(Directus\Application\Http\Request), Object(Directus\Application\Http\Response))
#27 [internal function]: Directus\Application\Http\Middleware\AbstractRateLimitMiddleware->__invoke(Object(Directus\Application\Http\Request), Object(Directus\Application\Http\Response), Object(Directus\Application\Application))
#28 /Users/jasonreid/Sites/footballformations/api/vendor/slim/slim/Slim/DeferredCallable.php(43): call_user_func_array(Object(Directus\Application\Http\Middleware\IpRateLimitMiddleware), Array)
#29 [internal function]: Slim\DeferredCallable->__invoke(Object(Directus\Application\Http\Request), Object(Directus\Application\Http\Response), Object(Directus\Application\Application))
#30 /Users/jasonreid/Sites/footballformations/api/vendor/slim/slim/Slim/MiddlewareAwareTrait.php(70): call_user_func(Object(Slim\DeferredCallable), Object(Directus\Application\Http\Request), Object(Directus\Application\Http\Response), Object(Directus\Application\Application))
#31 /Users/jasonreid/Sites/footballformations/api/vendor/akrabat/rka-ip-address-middleware/src/IpAddress.php(93): Slim\App->Slim\{closure}(Object(Directus\Application\Http\Request), Object(Directus\Application\Http\Response))
#32 [internal function]: RKA\Middleware\IpAddress->__invoke(Object(Directus\Application\Http\Request), Object(Directus\Application\Http\Response), Object(Closure))
#33 /Users/jasonreid/Sites/footballformations/api/vendor/slim/slim/Slim/DeferredCallable.php(43): call_user_func_array(Object(RKA\Middleware\IpAddress), Array)
#34 [internal function]: Slim\DeferredCallable->__invoke(Object(Directus\Application\Http\Request), Object(Directus\Application\Http\Response), Object(Closure))
#35 /Users/jasonreid/Sites/footballformations/api/vendor/slim/slim/Slim/MiddlewareAwareTrait.php(70): call_user_func(Object(Slim\DeferredCallable), Object(Directus\Application\Http\Request), Object(Directus\Application\Http\Response), Object(Closure))
#36 /Users/jasonreid/Sites/footballformations/api/src/core/Directus/Application/Http/Middleware/CorsMiddleware.php(66): Slim\App->Slim\{closure}(Object(Directus\Application\Http\Request), Object(Directus\Application\Http\Response))
#37 [internal function]: Directus\Application\Http\Middleware\CorsMiddleware->__invoke(Object(Directus\Application\Http\Request), Object(Directus\Application\Http\Response), Object(Closure))
#38 /Users/jasonreid/Sites/footballformations/api/vendor/slim/slim/Slim/DeferredCallable.php(43): call_user_func_array(Object(Directus\Application\Http\Middleware\CorsMiddleware), Array)
#39 [internal function]: Slim\DeferredCallable->__invoke(Object(Directus\Application\Http\Request), Object(Directus\Application\Http\Response), Object(Closure))
#40 /Users/jasonreid/Sites/footballformations/api/vendor/slim/slim/Slim/MiddlewareAwareTrait.php(70): call_user_func(Object(Slim\DeferredCallable), Object(Directus\Application\Http\Request), Object(Directus\Application\Http\Response), Object(Closure))
#41 /Users/jasonreid/Sites/footballformations/api/src/core/Directus/Application/Http/Middleware/ResponseCacheMiddleware.php(47): Slim\App->Slim\{closure}(Object(Directus\Application\Http\Request), Object(Directus\Application\Http\Response))
#42 [internal function]: Directus\Application\Http\Middleware\ResponseCacheMiddleware->__invoke(Object(Directus\Application\Http\Request), Object(Directus\Application\Http\Response), Object(Closure))
#43 /Users/jasonreid/Sites/footballformations/api/vendor/slim/slim/Slim/DeferredCallable.php(43): call_user_func_array(Object(Directus\Application\Http\Middleware\ResponseCacheMiddleware), Array)
#44 [internal function]: Slim\DeferredCallable->__invoke(Object(Directus\Application\Http\Request), Object(Directus\Application\Http\Response), Object(Closure))
#45 /Users/jasonreid/Sites/footballformations/api/vendor/slim/slim/Slim/MiddlewareAwareTrait.php(70): call_user_func(Object(Slim\DeferredCallable), Object(Directus\Application\Http\Request), Object(Directus\Application\Http\Response), Object(Closure))
#46 /Users/jasonreid/Sites/footballformations/api/vendor/slim/slim/Slim/MiddlewareAwareTrait.php(117): Slim\App->Slim\{closure}(Object(Directus\Application\Http\Request), Object(Directus\Application\Http\Response))
#47 /Users/jasonreid/Sites/footballformations/api/vendor/slim/slim/Slim/App.php(406): Slim\App->callMiddlewareStack(Object(Directus\Application\Http\Request), Object(Directus\Application\Http\Response))
#48 /Users/jasonreid/Sites/footballformations/api/vendor/slim/slim/Slim/App.php(314): Slim\App->process(Object(Directus\Application\Http\Request), Object(Directus\Application\Http\Response))
#49 /Users/jasonreid/Sites/footballformations/api/src/core/Directus/Application/Application.php(161): Slim\App->run(false)
#50 /Users/jasonreid/Sites/footballformations/api/public/index.php(5): Directus\Application\Application->run()
#51 {main} [] []
[2018-10-17 19:56:37] api[_].WARNING: Directus\Database\Exception\CollectionNotFoundException: Unable to find collection: sales_staff_customers in /Users/jasonreid/Sites/footballformations/api/src/core/Directus/Database/Schema/SchemaManager.php:126
Stack trace:
#0 /Users/jasonreid/Sites/footballformations/api/src/core/Directus/Services/TablesService.php(1439): Directus\Database\Schema\SchemaManager->getCollection('sales_staff_cus...')
#1 /Users/jasonreid/Sites/footballformations/api/src/core/Directus/Services/TablesService.php(1314): Directus\Services\TablesService->mergeSchemaCollection('sales_staff_cus...', Array)
#2 /Users/jasonreid/Sites/footballformations/api/src/core/Directus/Services/TablesService.php(1295): Directus\Services\TablesService->mergeSchemaCollections(Array)
#3 /Users/jasonreid/Sites/footballformations/api/src/core/Directus/Services/TablesService.php(66): Directus\Services\TablesService->mergeMissingSchemaCollections(Array, Array)
#4 /Users/jasonreid/Sites/footballformations/api/src/endpoints/Collections.php(58): Directus\Services\TablesService->findAll(Array)
#5 [internal function]: Directus\Api\Routes\Collections->all(Object(Directus\Application\Http\Request), Object(Directus\Application\Http\Response), Array)
#6 /Users/jasonreid/Sites/footballformations/api/vendor/slim/slim/Slim/Handlers/Strategies/RequestResponse.php(41): call_user_func(Array, Object(Directus\Application\Http\Request), Object(Directus\Application\Http\Response), Array)
#7 /Users/jasonreid/Sites/footballformations/api/vendor/slim/slim/Slim/Route.php(356): Slim\Handlers\Strategies\RequestResponse->__invoke(Array, Object(Directus\Application\Http\Request), Object(Directus\Application\Http\Response), Array)
#8 /Users/jasonreid/Sites/footballformations/api/src/core/Directus/Application/Http/Middleware/AbstractRateLimitMiddleware.php(34): Slim\Route->__invoke(Object(Directus\Application\Http\Request), Object(Directus\Application\Http\Response))
#9 [internal function]: Directus\Application\Http\Middleware\AbstractRateLimitMiddleware->__invoke(Object(Directus\Application\Http\Request), Object(Directus\Application\Http\Response), Object(Slim\Route))
#10 /Users/jasonreid/Sites/footballformations/api/vendor/slim/slim/Slim/DeferredCallable.php(43): call_user_func_array(Object(Directus\Application\Http\Middleware\UserRateLimitMiddleware), Array)
#11 [internal function]: Slim\DeferredCallable->__invoke(Object(Directus\Application\Http\Request), Object(Directus\Application\Http\Response), Object(Slim\Route))
#12 /Users/jasonreid/Sites/footballformations/api/vendor/slim/slim/Slim/MiddlewareAwareTrait.php(70): call_user_func(Object(Slim\DeferredCallable), Object(Directus\Application\Http\Request), Object(Directus\Application\Http\Response), Object(Slim\Route))
#13 /Users/jasonreid/Sites/footballformations/api/src/core/Directus/Application/Http/Middleware/AuthenticationMiddleware.php(79): Slim\Route->Slim\{closure}(Object(Directus\Application\Http\Request), Object(Directus\Application\Http\Response))
#14 [internal function]: Directus\Application\Http\Middleware\AuthenticationMiddleware->__invoke(Object(Directus\Application\Http\Request), Object(Directus\Application\Http\Response), Object(Closure))
#15 /Users/jasonreid/Sites/footballformations/api/vendor/slim/slim/Slim/DeferredCallable.php(43): call_user_func_array(Object(Directus\Application\Http\Middleware\AuthenticationMiddleware), Array)
#16 [internal function]: Slim\DeferredCallable->__invoke(Object(Directus\Application\Http\Request), Object(Directus\Application\Http\Response), Object(Closure))
#17 /Users/jasonreid/Sites/footballformations/api/vendor/slim/slim/Slim/MiddlewareAwareTrait.php(70): call_user_func(Object(Slim\DeferredCallable), Object(Directus\Application\Http\Request), Object(Directus\Application\Http\Response), Object(Closure))
#18 /Users/jasonreid/Sites/footballformations/api/src/core/Directus/Application/Http/Middleware/TableGatewayMiddleware.php(25): Slim\Route->Slim\{closure}(Object(Directus\Application\Http\Request), Object(Directus\Application\Http\Response))
#19 [internal function]: Directus\Application\Http\Middleware\TableGatewayMiddleware->__invoke(Object(Directus\Application\Http\Request), Object(Directus\Application\Http\Response), Object(Closure))
#20 /Users/jasonreid/Sites/footballformations/api/vendor/slim/slim/Slim/DeferredCallable.php(43): call_user_func_array(Object(Directus\Application\Http\Middleware\TableGatewayMiddleware), Array)
#21 [internal function]: Slim\DeferredCallable->__invoke(Object(Directus\Application\Http\Request), Object(Directus\Application\Http\Response), Object(Closure))
#22 /Users/jasonreid/Sites/footballformations/api/vendor/slim/slim/Slim/MiddlewareAwareTrait.php(70): call_user_func(Object(Slim\DeferredCallable), Object(Directus\Application\Http\Request), Object(Directus\Application\Http\Response), Object(Closure))
#23 /Users/jasonreid/Sites/footballformations/api/vendor/slim/slim/Slim/MiddlewareAwareTrait.php(117): Slim\Route->Slim\{closure}(Object(Directus\Application\Http\Request), Object(Directus\Application\Http\Response))
#24 /Users/jasonreid/Sites/footballformations/api/vendor/slim/slim/Slim/Route.php(334): Slim\Route->callMiddlewareStack(Object(Directus\Application\Http\Request), Object(Directus\Application\Http\Response))
#25 /Users/jasonreid/Sites/footballformations/api/vendor/slim/slim/Slim/App.php(515): Slim\Route->run(Object(Directus\Application\Http\Request), Object(Directus\Application\Http\Response))
#26 /Users/jasonreid/Sites/footballformations/api/src/core/Directus/Application/Http/Middleware/AbstractRateLimitMiddleware.php(34): Slim\App->__invoke(Object(Directus\Application\Http\Request), Object(Directus\Application\Http\Response))
#27 [internal function]: Directus\Application\Http\Middleware\AbstractRateLimitMiddleware->__invoke(Object(Directus\Application\Http\Request), Object(Directus\Application\Http\Response), Object(Directus\Application\Application))
#28 /Users/jasonreid/Sites/footballformations/api/vendor/slim/slim/Slim/DeferredCallable.php(43): call_user_func_array(Object(Directus\Application\Http\Middleware\IpRateLimitMiddleware), Array)
#29 [internal function]: Slim\DeferredCallable->__invoke(Object(Directus\Application\Http\Request), Object(Directus\Application\Http\Response), Object(Directus\Application\Application))
#30 /Users/jasonreid/Sites/footballformations/api/vendor/slim/slim/Slim/MiddlewareAwareTrait.php(70): call_user_func(Object(Slim\DeferredCallable), Object(Directus\Application\Http\Request), Object(Directus\Application\Http\Response), Object(Directus\Application\Application))
#31 /Users/jasonreid/Sites/footballformations/api/vendor/akrabat/rka-ip-address-middleware/src/IpAddress.php(93): Slim\App->Slim\{closure}(Object(Directus\Application\Http\Request), Object(Directus\Application\Http\Response))
#32 [internal function]: RKA\Middleware\IpAddress->__invoke(Object(Directus\Application\Http\Request), Object(Directus\Application\Http\Response), Object(Closure))
#33 /Users/jasonreid/Sites/footballformations/api/vendor/slim/slim/Slim/DeferredCallable.php(43): call_user_func_array(Object(RKA\Middleware\IpAddress), Array)
#34 [internal function]: Slim\DeferredCallable->__invoke(Object(Directus\Application\Http\Request), Object(Directus\Application\Http\Response), Object(Closure))
#35 /Users/jasonreid/Sites/footballformations/api/vendor/slim/slim/Slim/MiddlewareAwareTrait.php(70): call_user_func(Object(Slim\DeferredCallable), Object(Directus\Application\Http\Request), Object(Directus\Application\Http\Response), Object(Closure))
#36 /Users/jasonreid/Sites/footballformations/api/src/core/Directus/Application/Http/Middleware/CorsMiddleware.php(66): Slim\App->Slim\{closure}(Object(Directus\Application\Http\Request), Object(Directus\Application\Http\Response))
#37 [internal function]: Directus\Application\Http\Middleware\CorsMiddleware->__invoke(Object(Directus\Application\Http\Request), Object(Directus\Application\Http\Response), Object(Closure))
#38 /Users/jasonreid/Sites/footballformations/api/vendor/slim/slim/Slim/DeferredCallable.php(43): call_user_func_array(Object(Directus\Application\Http\Middleware\CorsMiddleware), Array)
#39 [internal function]: Slim\DeferredCallable->__invoke(Object(Directus\Application\Http\Request), Object(Directus\Application\Http\Response), Object(Closure))
#40 /Users/jasonreid/Sites/footballformations/api/vendor/slim/slim/Slim/MiddlewareAwareTrait.php(70): call_user_func(Object(Slim\DeferredCallable), Object(Directus\Application\Http\Request), Object(Directus\Application\Http\Response), Object(Closure))
#41 /Users/jasonreid/Sites/footballformations/api/src/core/Directus/Application/Http/Middleware/ResponseCacheMiddleware.php(47): Slim\App->Slim\{closure}(Object(Directus\Application\Http\Request), Object(Directus\Application\Http\Response))
#42 [internal function]: Directus\Application\Http\Middleware\ResponseCacheMiddleware->__invoke(Object(Directus\Application\Http\Request), Object(Directus\Application\Http\Response), Object(Closure))
#43 /Users/jasonreid/Sites/footballformations/api/vendor/slim/slim/Slim/DeferredCallable.php(43): call_user_func_array(Object(Directus\Application\Http\Middleware\ResponseCacheMiddleware), Array)
#44 [internal function]: Slim\DeferredCallable->__invoke(Object(Directus\Application\Http\Request), Object(Directus\Application\Http\Response), Object(Closure))
#45 /Users/jasonreid/Sites/footballformations/api/vendor/slim/slim/Slim/MiddlewareAwareTrait.php(70): call_user_func(Object(Slim\DeferredCallable), Object(Directus\Application\Http\Request), Object(Directus\Application\Http\Response), Object(Closure))
#46 /Users/jasonreid/Sites/footballformations/api/vendor/slim/slim/Slim/MiddlewareAwareTrait.php(117): Slim\App->Slim\{closure}(Object(Directus\Application\Http\Request), Object(Directus\Application\Http\Response))
#47 /Users/jasonreid/Sites/footballformations/api/vendor/slim/slim/Slim/App.php(406): Slim\App->callMiddlewareStack(Object(Directus\Application\Http\Request), Object(Directus\Application\Http\Response))
#48 /Users/jasonreid/Sites/footballformations/api/vendor/slim/slim/Slim/App.php(314): Slim\App->process(Object(Directus\Application\Http\Request), Object(Directus\Application\Http\Response))
#49 /Users/jasonreid/Sites/footballformations/api/src/core/Directus/Application/Application.php(161): Slim\App->run(false)
#50 /Users/jasonreid/Sites/footballformations/api/public/index.php(5): Directus\Application\Application->run()
#51 {main} [] []
